Enter mesh dimension: 3
Input .msh file name: cyl3d
 total node number is       322770
 total quad element number is        10136
 total hex element number is        37780
 ******************************************************
 Boundary info summary
 BoundaryName     BoundaryID
 Cylinder           1
 Upper           2
 Lower           3
 Outlet           4
 Inlet           5
 Right           6
 Left           7
 ******************************************************
 Enter number of periodic boundary surface pairs:
1
 input surface 1 and  surface 2  BoundaryID
6 7
 input translation vector (surface 1 -> surface 2)
0 0 5
 ******************************************************
 Please set boundary conditions to all non-periodic boundaries
 in .usr file usrdat2() subroutine
 ******************************************************

writing cyl3d.re2   